<?xml version="1.0" encoding="UTF-8"?>
<!-- Generated by org.testng.reporters.JUnitReportReporter -->
<testsuite skipped="0" hostname="DESKTOP-N308L1J" name="test.LoginTest" tests="1" failures="0" timestamp="03 Sep 2022 17:11:25 GMT" time="13.027" errors="0">
  <testcase name="userShouldBeAbleToLogin" time="13.027" classname="test.LoginTest"/>
</testsuite> <!-- test.LoginTest -->
