<?xml version="1.0" encoding="UTF-8"?>
<!-- Generated by org.testng.reporters.JUnitReportReporter -->
<testsuite skipped="0" hostname="DESKTOP-N308L1J" name="test.AddCustomerTest" tests="1" failures="0" timestamp="03 Sep 2022 18:56:05 GMT" time="16.806" errors="0">
  <testcase name="validUserShouldBeAbleToAddCustomer" time="16.806" classname="test.AddCustomerTest"/>
</testsuite> <!-- test.AddCustomerTest -->
